#
# There is insufficient memory for the Java Runtime Environment to continue.
# Native memory allocation (mmap) failed to map 16777216 bytes for G1 virtual space
# Possible reasons:
#   The system is out of physical RAM or swap space
#   The process is running with CompressedOops enabled, and the Java Heap may be blocking the growth of the native heap
# Possible solutions:
#   Reduce memory load on the system
#   Increase physical memory or swap space
#   Check if swap backing store is full
#   Decrease Java heap size (-Xmx/-Xms)
#   Decrease number of Java threads
#   Decrease Java thread stack sizes (-Xss)
#   Set larger code cache with -XX:ReservedCodeCacheSize=
#   JVM is running with Unscaled Compressed Oops mode in which the Java heap is
#     placed in the first 4GB address space. The Java Heap base address is the
#     maximum limit for the native heap growth. Please use -XX:HeapBaseMinAddress
#     to set the Java Heap base and to place the Java Heap above 4GB virtual address.
# This output file may be truncated or incomplete.
#
#  Out of Memory Error (os_windows.cpp:3613), pid=5140, tid=12080
#
# JRE version: OpenJDK Runtime Environment Temurin-17.0.10+7 (17.0.10+7) (build 17.0.10+7)
# Java VM: OpenJDK 64-Bit Server VM Temurin-17.0.10+7 (17.0.10+7, mixed mode, tiered, compressed oops, compressed class ptrs, g1 gc, windows-amd64)
# No core dump will be written. Minidumps are not enabled by default on client versions of Windows
#

---------------  S U M M A R Y ------------

Command Line: -Dfile.encoding=UTF-8 -Dstdout.encoding=UTF-8 -Dstderr.encoding=UTF-8 -XX:+ShowCodeDetailsInExceptionMessages com.amazon.AmazonClone.AmazonCloneApplication

Host: 11th Gen Intel(R) Core(TM) i3-1115G4 @ 3.00GHz, 4 cores, 3G,  Windows 11 , 64 bit Build 22621 (10.0.22621.3958)
Time: Sat Aug 10 19:02:42 2024 India Standard Time elapsed time: 4.612423 seconds (0d 0h 0m 4s)

---------------  T H R E A D  ---------------

Current thread (0x000001ec4574e470):  VMThread "VM Thread" [stack: 0x000000028df00000,0x000000028e000000] [id=12080]

Stack: [0x000000028df00000,0x000000028e000000]
Native frames: (J=compiled Java code, j=interpreted, Vv=VM code, C=native code)
V  [jvm.dll+0x67d2c9]
V  [jvm.dll+0x834afa]
V  [jvm.dll+0x8365be]
V  [jvm.dll+0x836c23]
V  [jvm.dll+0x2477ff]
V  [jvm.dll+0x67a109]
V  [jvm.dll+0x66eb7a]
V  [jvm.dll+0x30764b]
V  [jvm.dll+0x30eaf6]
V  [jvm.dll+0x35e83e]
V  [jvm.dll+0x35ea6f]
V  [jvm.dll+0x2de248]
V  [jvm.dll+0x2dc424]
V  [jvm.dll+0x2dba2c]
V  [jvm.dll+0x31faeb]
V  [jvm.dll+0x83b11b]
V  [jvm.dll+0x83be61]
V  [jvm.dll+0x83c37d]
V  [jvm.dll+0x83c754]
V  [jvm.dll+0x83c820]
V  [jvm.dll+0x7e3fba]
V  [jvm.dll+0x67c1b5]
C  [ucrtbase.dll+0x29333]
C  [KERNEL32.DLL+0x1257d]
C  [ntdll.dll+0x5af28]

VM_Operation (0x000000028d9fe3b0): G1CollectForAllocation, mode: safepoint, requested by thread 0x000001ec456a5330


---------------  P R O C E S S  ---------------

Threads class SMR info:
_java_thread_list=0x000001ec61db2370, length=12, elements={
0x000001ec456a5330, 0x000001ec5c564150, 0x000001ec5c565730, 0x000001ec5c581150,
0x000001ec5c59e410, 0x000001ec5c596060, 0x000001ec5c598940, 0x000001ec5c599ce0,
0x000001ec5c7183e0, 0x000001ec5c71a910, 0x000001ec5c81a160, 0x000001ec5c7b2c30
}

Java Threads: ( => current thread )
  0x000001ec456a5330 JavaThread "main" [_thread_blocked, id=15160, stack(0x000000028d900000,0x000000028da00000)]
  0x000001ec5c564150 JavaThread "Reference Handler" daemon [_thread_blocked, id=16444, stack(0x000000028e000000,0x000000028e100000)]
  0x000001ec5c565730 JavaThread "Finalizer" daemon [_thread_blocked, id=17376, stack(0x000000028e100000,0x000000028e200000)]
  0x000001ec5c581150 JavaThread "Signal Dispatcher" daemon [_thread_blocked, id=8616, stack(0x000000028e200000,0x000000028e300000)]
  0x000001ec5c59e410 JavaThread "Attach Listener" daemon [_thread_blocked, id=11712, stack(0x000000028e300000,0x000000028e400000)]
  0x000001ec5c596060 JavaThread "Service Thread" daemon [_thread_blocked, id=3236, stack(0x000000028e400000,0x000000028e500000)]
  0x000001ec5c598940 JavaThread "Monitor Deflation Thread" daemon [_thread_blocked, id=14288, stack(0x000000028e500000,0x000000028e600000)]
  0x000001ec5c599ce0 JavaThread "C2 CompilerThread0" daemon [_thread_blocked, id=15608, stack(0x000000028e600000,0x000000028e700000)]
  0x000001ec5c7183e0 JavaThread "C1 CompilerThread0" daemon [_thread_blocked, id=3124, stack(0x000000028e700000,0x000000028e800000)]
  0x000001ec5c71a910 JavaThread "Sweeper thread" daemon [_thread_blocked, id=17176, stack(0x000000028e800000,0x000000028e900000)]
  0x000001ec5c81a160 JavaThread "Notification Thread" daemon [_thread_blocked, id=9176, stack(0x000000028e900000,0x000000028ea00000)]
  0x000001ec5c7b2c30 JavaThread "Common-Cleaner" daemon [_thread_blocked, id=6988, stack(0x000000028eb00000,0x000000028ec00000)]

Other Threads:
=>0x000001ec4574e470 VMThread "VM Thread" [stack: 0x000000028df00000,0x000000028e000000] [id=12080]
  0x000001ec5c81a640 WatcherThread [stack: 0x000000028ea00000,0x000000028eb00000] [id=3484]
  0x000001ec456e0f10 GCTaskThread "GC Thread#0" [stack: 0x000000028da00000,0x000000028db00000] [id=2004]
  0x000001ec616c2490 GCTaskThread "GC Thread#1" [stack: 0x000000028ec00000,0x000000028ed00000] [id=10312]
  0x000001ec6164d890 GCTaskThread "GC Thread#2" [stack: 0x000000028ed00000,0x000000028ee00000] [id=2972]
  0x000001ec6164db50 GCTaskThread "GC Thread#3" [stack: 0x000000028ee00000,0x000000028ef00000] [id=14932]
  0x000001ec456e94e0 ConcurrentGCThread "G1 Main Marker" [stack: 0x000000028db00000,0x000000028dc00000] [id=13472]
  0x000001ec456e9f00 ConcurrentGCThread "G1 Conc#0" [stack: 0x000000028dc00000,0x000000028dd00000] [id=14176]
  0x000001ec457262d0 ConcurrentGCThread "G1 Refine#0" [stack: 0x000000028dd00000,0x000000028de00000] [id=6680]
  0x000001ec45726d00 ConcurrentGCThread "G1 Service" [stack: 0x000000028de00000,0x000000028df00000] [id=17156]

Threads with active compile tasks:
C2 CompilerThread0     4646 3269       4       jdk.internal.org.objectweb.asm.SymbolTable::addConstantUtf8 (98 bytes)
C1 CompilerThread0     4646 3288       3       java.lang.System$2::join (11 bytes)

VM state: at safepoint (normal execution)

VM Mutex/Monitor currently owned by a thread:  ([mutex/lock_event])
[0x000001ec456a08f0] Threads_lock - owner thread: 0x000001ec4574e470
[0x000001ec456a0e00] Heap_lock - owner thread: 0x000001ec456a5330

Heap address: 0x00000000c4c00000, size: 948 MB, Compressed Oops mode: 32-bit

CDS archive(s) not mapped
Compressed class space mapped at: 0x0000000100000000-0x0000000140000000, reserved size: 1073741824
Narrow klass base: 0x0000000000000000, Narrow klass shift: 3, Narrow klass range: 0x140000000

GC Precious Log:
 CPUs: 4 total, 4 available
 Memory: 3790M
 Large Page Support: Disabled
 NUMA Support: Disabled
 Compressed Oops: Enabled (32-bit)
 Heap Region Size: 1M
 Heap Min Capacity: 8M
 Heap Initial Capacity: 60M
 Heap Max Capacity: 948M
 Pre-touch: Disabled
 Parallel Workers: 4
 Concurrent Workers: 1
 Concurrent Refinement Workers: 4
 Periodic GC: Disabled

Heap:
 garbage-first heap   total 38912K, used 14865K [0x00000000c4c00000, 0x0000000100000000)
  region size 1024K, 2 young (2048K), 2 survivors (2048K)
 Metaspace       used 31364K, committed 31744K, reserved 1114112K
  class space    used 3584K, committed 3776K, reserved 1048576K

Heap Regions: E=young(eden), S=young(survivor), O=old, HS=humongous(starts), HC=humongous(continues), CS=collection set, F=free, OA=open archive, CA=closed archive, TAMS=top-at-mark-start (previous, next)
|   0|0x00000000c4c00000, 0x00000000c4d00000, 0x00000000c4d00000|100%|HS|  |TAMS 0x00000000c4d00000, 0x00000000c4c00000| Complete 
|   1|0x00000000c4d00000, 0x00000000c4e00000, 0x00000000c4e00000|100%| O|  |TAMS 0x00000000c4e00000, 0x00000000c4d00000| Untracked 
|   2|0x00000000c4e00000, 0x00000000c4f00000, 0x00000000c4f00000|100%| O|  |TAMS 0x00000000c4f00000, 0x00000000c4e00000| Untracked 
|   3|0x00000000c4f00000, 0x00000000c5000000, 0x00000000c5000000|100%| O|  |TAMS 0x00000000c5000000, 0x00000000c4f00000| Untracked 
|   4|0x00000000c5000000, 0x00000000c5100000, 0x00000000c5100000|100%| O|  |TAMS 0x00000000c5100000, 0x00000000c5000000| Untracked 
|   5|0x00000000c5100000, 0x00000000c5200000, 0x00000000c5200000|100%| O|  |TAMS 0x00000000c5100000, 0x00000000c5100000| Untracked 
|   6|0x00000000c5200000, 0x00000000c5300000, 0x00000000c5300000|100%| O|  |TAMS 0x00000000c5200000, 0x00000000c5200000| Untracked 
|   7|0x00000000c5300000, 0x00000000c5400000, 0x00000000c5400000|100%| O|  |TAMS 0x00000000c5300000, 0x00000000c5300000| Untracked 
|   8|0x00000000c5400000, 0x00000000c5500000, 0x00000000c5500000|100%| O|  |TAMS 0x00000000c5400000, 0x00000000c5400000| Untracked 
|   9|0x00000000c5500000, 0x00000000c5600000, 0x00000000c5600000|100%| O|  |TAMS 0x00000000c5500000, 0x00000000c5500000| Untracked 
|  10|0x00000000c5600000, 0x00000000c5700000, 0x00000000c5700000|100%| O|  |TAMS 0x00000000c5600000, 0x00000000c5600000| Untracked 
|  11|0x00000000c5700000, 0x00000000c5800000, 0x00000000c5800000|100%| O|  |TAMS 0x00000000c5700000, 0x00000000c5700000| Untracked 
|  12|0x00000000c5800000, 0x00000000c588bc00, 0x00000000c5900000| 54%| O|  |TAMS 0x00000000c5800000, 0x00000000c5800000| Untracked 
|  13|0x00000000c5900000, 0x00000000c5900000, 0x00000000c5a00000|  0%| F|  |TAMS 0x00000000c5900000, 0x00000000c5900000| Untracked 
|  14|0x00000000c5a00000, 0x00000000c5a00000, 0x00000000c5b00000|  0%| F|  |TAMS 0x00000000c5a00000, 0x00000000c5a00000| Untracked 
|  15|0x00000000c5b00000, 0x00000000c5b00000, 0x00000000c5c00000|  0%| F|  |TAMS 0x00000000c5b00000, 0x00000000c5b00000| Untracked 
|  16|0x00000000c5c00000, 0x00000000c5c00000, 0x00000000c5d00000|  0%| F|  |TAMS 0x00000000c5c00000, 0x00000000c5c00000| Untracked 
|  17|0x00000000c5d00000, 0x00000000c5d00000, 0x00000000c5e00000|  0%| F|  |TAMS 0x00000000c5d00000, 0x00000000c5d00000| Untracked 
|  18|0x00000000c5e00000, 0x00000000c5e00000, 0x00000000c5f00000|  0%| F|  |TAMS 0x00000000c5e00000, 0x00000000c5e00000| Untracked 
|  19|0x00000000c5f00000, 0x00000000c5ff8bd0, 0x00000000c6000000| 97%| S|CS|TAMS 0x00000000c5f00000, 0x00000000c5f00000| Complete 
|  20|0x00000000c6000000, 0x00000000c6000000, 0x00000000c6100000|  0%| F|  |TAMS 0x00000000c6000000, 0x00000000c6000000| Untracked 
|  21|0x00000000c6100000, 0x00000000c6100000, 0x00000000c6200000|  0%| F|  |TAMS 0x00000000c6100000, 0x00000000c6100000| Untracked 
|  22|0x00000000c6200000, 0x00000000c6300000, 0x00000000c6300000|100%| S|CS|TAMS 0x00000000c6200000, 0x00000000c6200000| Complete 
|  23|0x00000000c6300000, 0x00000000c6300000, 0x00000000c6400000|  0%| F|  |TAMS 0x00000000c6300000, 0x00000000c6300000| Untracked 
|  24|0x00000000c6400000, 0x00000000c6400000, 0x00000000c6500000|  0%| F|  |TAMS 0x00000000c6400000, 0x00000000c6400000| Untracked 
|  25|0x00000000c6500000, 0x00000000c6500000, 0x00000000c6600000|  0%| F|  |TAMS 0x00000000c6500000, 0x00000000c6500000| Untracked 
|  26|0x00000000c6600000, 0x00000000c6600000, 0x00000000c6700000|  0%| F|  |TAMS 0x00000000c6600000, 0x00000000c6600000| Untracked 
|  27|0x00000000c6700000, 0x00000000c6700000, 0x00000000c6800000|  0%| F|  |TAMS 0x00000000c6700000, 0x00000000c6700000| Untracked 
|  28|0x00000000c6800000, 0x00000000c6800000, 0x00000000c6900000|  0%| F|  |TAMS 0x00000000c6800000, 0x00000000c6800000| Untracked 
|  29|0x00000000c6900000, 0x00000000c6900000, 0x00000000c6a00000|  0%| F|  |TAMS 0x00000000c6900000, 0x00000000c6900000| Untracked 
|  30|0x00000000c6a00000, 0x00000000c6a00000, 0x00000000c6b00000|  0%| F|  |TAMS 0x00000000c6a00000, 0x00000000c6a00000| Untracked 
|  31|0x00000000c6b00000, 0x00000000c6b00000, 0x00000000c6c00000|  0%| F|  |TAMS 0x00000000c6b00000, 0x00000000c6b00000| Untracked 
|  32|0x00000000c6c00000, 0x00000000c6c00000, 0x00000000c6d00000|  0%| F|  |TAMS 0x00000000c6c00000, 0x00000000c6c00000| Untracked 
|  33|0x00000000c6d00000, 0x00000000c6d00000, 0x00000000c6e00000|  0%| F|  |TAMS 0x00000000c6d00000, 0x00000000c6d00000| Untracked 
|  34|0x00000000c6e00000, 0x00000000c6e00000, 0x00000000c6f00000|  0%| F|  |TAMS 0x00000000c6e00000, 0x00000000c6e00000| Untracked 
|  35|0x00000000c6f00000, 0x00000000c6f00000, 0x00000000c7000000|  0%| F|  |TAMS 0x00000000c6f00000, 0x00000000c6f00000| Untracked 
|  36|0x00000000c7000000, 0x00000000c7000000, 0x00000000c7100000|  0%| F|  |TAMS 0x00000000c7000000, 0x00000000c7000000| Untracked 
|  59|0x00000000c8700000, 0x00000000c8700000, 0x00000000c8800000|  0%| F|  |TAMS 0x00000000c8700000, 0x00000000c8700000| Untracked 

Card table byte_map: [0x000001ec57f40000,0x000001ec58120000] _byte_map_base: 0x000001ec5791a000

Marking Bits (Prev, Next): (CMBitMap*) 0x000001ec456e1570, (CMBitMap*) 0x000001ec456e1530
 Prev Bits: [0x000001ec591d0000, 0x000001ec5a0a0000)
 Next Bits: [0x000001ec58300000, 0x000001ec591d0000)

Polling page: 0x000001ec44e50000

Metaspace:

Usage:
  Non-class:     27.13 MB used.
      Class:      3.50 MB used.
       Both:     30.63 MB used.

Virtual space:
  Non-class space:       64.00 MB reserved,      27.31 MB ( 43%) committed,  1 nodes.
      Class space:        1.00 GB reserved,       3.69 MB ( <1%) committed,  1 nodes.
             Both:        1.06 GB reserved,      31.00 MB (  3%) committed. 

Chunk freelists:
   Non-Class:  4.22 MB
       Class:  12.34 MB
        Both:  16.56 MB

MaxMetaspaceSize: unlimited
CompressedClassSpaceSize: 1.00 GB
Initial GC threshold: 21.00 MB
Current GC threshold: 35.25 MB
CDS: off
MetaspaceReclaimPolicy: balanced
 - commit_granule_bytes: 65536.
 - commit_granule_words: 8192.
 - virtual_space_node_default_size: 8388608.
 - enlarge_chunks_in_place: 1.
 - new_chunks_are_fully_committed: 0.
 - uncommit_free_chunks: 1.
 - use_allocation_guard: 0.
 - handle_deallocations: 1.


Internal statistics:

num_allocs_failed_limit: 5.
num_arena_births: 394.
num_arena_deaths: 0.
num_vsnodes_births: 2.
num_vsnodes_deaths: 0.
num_space_committed: 496.
num_space_uncommitted: 0.
num_chunks_returned_to_freelist: 5.
num_chunks_taken_from_freelist: 1198.
num_chunk_merges: 5.
num_chunk_splits: 832.
num_chunks_enlarged: 619.
num_inconsistent_stats: 0.

CodeHeap 'non-profiled nmethods': size=120000Kb used=1310Kb max_used=1310Kb free=118689Kb
 bounds [0x000001ec50830000, 0x000001ec50aa0000, 0x000001ec57d60000]
CodeHeap 'profiled nmethods': size=120000Kb used=7031Kb max_used=7031Kb free=112968Kb
 bounds [0x000001ec48d60000, 0x000001ec49440000, 0x000001ec50290000]
CodeHeap 'non-nmethods': size=5760Kb used=1217Kb max_used=1251Kb free=4542Kb
 bounds [0x000001ec50290000, 0x000001ec50500000, 0x000001ec50830000]
 total_blobs=3793 nmethods=3284 adapters=421
 compilation: enabled
              stopped_count=0, restarted_count=0
 full_count=0

Compilation events (20 events):
Event: 4.595 Thread 0x000001ec5c7183e0 nmethod 3282 0x000001ec4942fe90 code [0x000001ec49430020, 0x000001ec49430148]
Event: 4.595 Thread 0x000001ec5c7183e0 3283   !   3       jdk.proxy2.$Proxy17::annotationType (29 bytes)
Event: 4.595 Thread 0x000001ec5c7183e0 nmethod 3283 0x000001ec49430210 code [0x000001ec494303e0, 0x000001ec494307b8]
Event: 4.596 Thread 0x000001ec5c599ce0 nmethod 3264 0x000001ec50976990 code [0x000001ec50976b20, 0x000001ec50977358]
Event: 4.596 Thread 0x000001ec5c599ce0 3269       4       jdk.internal.org.objectweb.asm.SymbolTable::addConstantUtf8 (98 bytes)
Event: 4.597 Thread 0x000001ec5c7183e0 3284   !   3       java.lang.reflect.Proxy$ProxyBuilder::ensureVisible (65 bytes)
Event: 4.597 Thread 0x000001ec5c7183e0 nmethod 3284 0x000001ec49430990 code [0x000001ec49430c20, 0x000001ec49431638]
Event: 4.597 Thread 0x000001ec5c7183e0 3290       3       java.lang.reflect.ProxyGenerator$ProxyMethod::generateMethod (548 bytes)
Event: 4.599 Thread 0x000001ec5c7183e0 nmethod 3290 0x000001ec49431a90 code [0x000001ec49432020, 0x000001ec49435098]
Event: 4.599 Thread 0x000001ec5c7183e0 3287       3       java.lang.reflect.Method::toShortSignature (78 bytes)
Event: 4.600 Thread 0x000001ec5c7183e0 nmethod 3287 0x000001ec49436010 code [0x000001ec494362a0, 0x000001ec49436c38]
Event: 4.600 Thread 0x000001ec5c7183e0 3292       3       org.springframework.core.ResolvableType::isInstance (21 bytes)
Event: 4.600 Thread 0x000001ec5c7183e0 nmethod 3292 0x000001ec49437010 code [0x000001ec494371c0, 0x000001ec49437448]
Event: 4.600 Thread 0x000001ec5c7183e0 3289       3       java.lang.reflect.ProxyGenerator::checkReturnTypes (281 bytes)
Event: 4.602 Thread 0x000001ec5c7183e0 nmethod 3289 0x000001ec49437510 code [0x000001ec49437a40, 0x000001ec4943a138]
Event: 4.602 Thread 0x000001ec5c7183e0 3291       3       java.lang.reflect.ProxyGenerator::addProxyMethod (190 bytes)
Event: 4.603 Thread 0x000001ec5c7183e0 nmethod 3291 0x000001ec4943ae90 code [0x000001ec4943b220, 0x000001ec4943ca88]
Event: 4.603 Thread 0x000001ec5c7183e0 3285       3       java.lang.WeakPairMap$Pair$Lookup::equals (31 bytes)
Event: 4.603 Thread 0x000001ec5c7183e0 nmethod 3285 0x000001ec4943d310 code [0x000001ec4943d500, 0x000001ec4943dbb8]
Event: 4.603 Thread 0x000001ec5c7183e0 3288       3       java.lang.System$2::join (11 bytes)

GC Heap History (17 events):
Event: 1.800 GC heap before
{Heap before GC invocations=0 (full 0):
 garbage-first heap   total 61440K, used 14336K [0x00000000c4c00000, 0x0000000100000000)
  region size 1024K, 13 young (13312K), 0 survivors (0K)
 Metaspace       used 10644K, committed 10752K, reserved 1114112K
  class space    used 983K, committed 1024K, reserved 1048576K
}
Event: 1.804 GC heap after
{Heap after GC invocations=1 (full 0):
 garbage-first heap   total 61440K, used 6018K [0x00000000c4c00000, 0x0000000100000000)
  region size 1024K, 2 young (2048K), 2 survivors (2048K)
 Metaspace       used 10644K, committed 10752K, reserved 1114112K
  class space    used 983K, committed 1024K, reserved 1048576K
}
Event: 2.437 GC heap before
{Heap before GC invocations=1 (full 0):
 garbage-first heap   total 61440K, used 19330K [0x00000000c4c00000, 0x0000000100000000)
  region size 1024K, 15 young (15360K), 2 survivors (2048K)
 Metaspace       used 14970K, committed 15232K, reserved 1114112K
  class space    used 1538K, committed 1664K, reserved 1048576K
}
Event: 2.443 GC heap after
{Heap after GC invocations=2 (full 0):
 garbage-first heap   total 61440K, used 7216K [0x00000000c4c00000, 0x0000000100000000)
  region size 1024K, 2 young (2048K), 2 survivors (2048K)
 Metaspace       used 14970K, committed 15232K, reserved 1114112K
  class space    used 1538K, committed 1664K, reserved 1048576K
}
Event: 2.834 GC heap before
{Heap before GC invocations=2 (full 0):
 garbage-first heap   total 61440K, used 26672K [0x00000000c4c00000, 0x0000000100000000)
  region size 1024K, 23 young (23552K), 2 survivors (2048K)
 Metaspace       used 21302K, committed 21504K, reserved 1114112K
  class space    used 2258K, committed 2368K, reserved 1048576K
}
Event: 2.839 GC heap after
{Heap after GC invocations=3 (full 0):
 garbage-first heap   total 61440K, used 9005K [0x00000000c4c00000, 0x0000000100000000)
  region size 1024K, 3 young (3072K), 3 survivors (3072K)
 Metaspace       used 21302K, committed 21504K, reserved 1114112K
  class space    used 2258K, committed 2368K, reserved 1048576K
}
Event: 3.626 GC heap before
{Heap before GC invocations=4 (full 0):
 garbage-first heap   total 34816K, used 24365K [0x00000000c4c00000, 0x0000000100000000)
  region size 1024K, 20 young (20480K), 3 survivors (3072K)
 Metaspace       used 25236K, committed 25472K, reserved 1114112K
  class space    used 2799K, committed 2880K, reserved 1048576K
}
Event: 3.632 GC heap after
{Heap after GC invocations=5 (full 0):
 garbage-first heap   total 34816K, used 10888K [0x00000000c4c00000, 0x0000000100000000)
  region size 1024K, 2 young (2048K), 2 survivors (2048K)
 Metaspace       used 25236K, committed 25472K, reserved 1114112K
  class space    used 2799K, committed 2880K, reserved 1048576K
}
Event: 3.647 GC heap before
{Heap before GC invocations=5 (full 0):
 garbage-first heap   total 34816K, used 10888K [0x00000000c4c00000, 0x0000000100000000)
  region size 1024K, 3 young (3072K), 2 survivors (2048K)
 Metaspace       used 25370K, committed 25664K, reserved 1114112K
  class space    used 2819K, committed 2944K, reserved 1048576K
}
Event: 3.650 GC heap after
{Heap after GC invocations=6 (full 0):
 garbage-first heap   total 34816K, used 11268K [0x00000000c4c00000, 0x0000000100000000)
  region size 1024K, 1 young (1024K), 1 survivors (1024K)
 Metaspace       used 25370K, committed 25664K, reserved 1114112K
  class space    used 2819K, committed 2944K, reserved 1048576K
}
Event: 3.842 GC heap before
{Heap before GC invocations=6 (full 0):
 garbage-first heap   total 34816K, used 21508K [0x00000000c4c00000, 0x0000000100000000)
  region size 1024K, 11 young (11264K), 1 survivors (1024K)
 Metaspace       used 26629K, committed 26944K, reserved 1114112K
  class space    used 2947K, committed 3072K, reserved 1048576K
}
Event: 3.844 GC heap after
{Heap after GC invocations=7 (full 0):
 garbage-first heap   total 34816K, used 12086K [0x00000000c4c00000, 0x0000000100000000)
  region size 1024K, 2 young (2048K), 2 survivors (2048K)
 Metaspace       used 26629K, committed 26944K, reserved 1114112K
  class space    used 2947K, committed 3072K, reserved 1048576K
}
Event: 4.034 GC heap before
{Heap before GC invocations=7 (full 0):
 garbage-first heap   total 34816K, used 22326K [0x00000000c4c00000, 0x0000000100000000)
  region size 1024K, 12 young (12288K), 2 survivors (2048K)
 Metaspace       used 27733K, committed 28032K, reserved 1114112K
  class space    used 3083K, committed 3200K, reserved 1048576K
}
Event: 4.037 GC heap after
{Heap after GC invocations=8 (full 0):
 garbage-first heap   total 34816K, used 12944K [0x00000000c4c00000, 0x0000000100000000)
  region size 1024K, 1 young (1024K), 1 survivors (1024K)
 Metaspace       used 27733K, committed 28032K, reserved 1114112K
  class space    used 3083K, committed 3200K, reserved 1048576K
}
Event: 4.309 GC heap before
{Heap before GC invocations=8 (full 0):
 garbage-first heap   total 34816K, used 23184K [0x00000000c4c00000, 0x0000000100000000)
  region size 1024K, 12 young (12288K), 1 survivors (1024K)
 Metaspace       used 29590K, committed 29824K, reserved 1114112K
  class space    used 3337K, committed 3456K, reserved 1048576K
}
Event: 4.312 GC heap after
{Heap after GC invocations=9 (full 0):
 garbage-first heap   total 34816K, used 13644K [0x00000000c4c00000, 0x0000000100000000)
  region size 1024K, 2 young (2048K), 2 survivors (2048K)
 Metaspace       used 29590K, committed 29824K, reserved 1114112K
  class space    used 3337K, committed 3456K, reserved 1048576K
}
Event: 4.604 GC heap before
{Heap before GC invocations=9 (full 0):
 garbage-first heap   total 34816K, used 23884K [0x00000000c4c00000, 0x0000000100000000)
  region size 1024K, 13 young (13312K), 2 survivors (2048K)
 Metaspace       used 31364K, committed 31744K, reserved 1114112K
  class space    used 3584K, committed 3776K, reserved 1048576K
}

Dll operation events (6 events):
Event: 0.044 Loaded shared library C:\Users\chinc\Downloads\sts-4.22.0.RELEASE\plugins\org.eclipse.justj.openjdk.hotspot.jre.full.win32.x86_64_17.0.10.v20240120-1143\jre\bin\java.dll
Event: 0.812 Loaded shared library C:\Users\chinc\Downloads\sts-4.22.0.RELEASE\plugins\org.eclipse.justj.openjdk.hotspot.jre.full.win32.x86_64_17.0.10.v20240120-1143\jre\bin\net.dll
Event: 0.816 Loaded shared library C:\Users\chinc\Downloads\sts-4.22.0.RELEASE\plugins\org.eclipse.justj.openjdk.hotspot.jre.full.win32.x86_64_17.0.10.v20240120-1143\jre\bin\nio.dll
Event: 0.828 Loaded shared library C:\Users\chinc\Downloads\sts-4.22.0.RELEASE\plugins\org.eclipse.justj.openjdk.hotspot.jre.full.win32.x86_64_17.0.10.v20240120-1143\jre\bin\zip.dll
Event: 1.052 Loaded shared library C:\Users\chinc\Downloads\sts-4.22.0.RELEASE\plugins\org.eclipse.justj.openjdk.hotspot.jre.full.win32.x86_64_17.0.10.v20240120-1143\jre\bin\jimage.dll
Event: 3.124 Loaded shared library C:\Users\chinc\Downloads\sts-4.22.0.RELEASE\plugins\org.eclipse.justj.openjdk.hotspot.jre.full.win32.x86_64_17.0.10.v20240120-1143\jre\bin\sunmscapi.dll

Deoptimization events (20 events):
Event: 4.499 Thread 0x000001ec456a5330 Uncommon trap: trap_request=0xffffff45 fr.pc=0x000001ec50947444 relative=0x0000000000000224
Event: 4.499 Thread 0x000001ec456a5330 Uncommon trap: reason=unstable_if action=reinterpret pc=0x000001ec50947444 method=jdk.internal.org.objectweb.asm.Frame.push(I)V @ 26 c2
Event: 4.499 Thread 0x000001ec456a5330 DEOPT PACKING pc=0x000001ec50947444 sp=0x000000028d9fc9e0
Event: 4.499 Thread 0x000001ec456a5330 DEOPT UNPACKING pc=0x000001ec502ea1a3 sp=0x000000028d9fc988 mode 2
Event: 4.529 Thread 0x000001ec456a5330 Uncommon trap: trap_request=0xffffff45 fr.pc=0x000001ec5088eee8 relative=0x00000000000000e8
Event: 4.529 Thread 0x000001ec456a5330 Uncommon trap: reason=unstable_if action=reinterpret pc=0x000001ec5088eee8 method=jdk.internal.org.objectweb.asm.ByteVector.putShort(I)Ljdk/internal/org/objectweb/asm/ByteVector; @ 13 c2
Event: 4.529 Thread 0x000001ec456a5330 DEOPT PACKING pc=0x000001ec5088eee8 sp=0x000000028d9fbfe0
Event: 4.529 Thread 0x000001ec456a5330 DEOPT UNPACKING pc=0x000001ec502ea1a3 sp=0x000000028d9fbf68 mode 2
Event: 4.554 Thread 0x000001ec456a5330 Uncommon trap: trap_request=0xffffff45 fr.pc=0x000001ec50962d08 relative=0x0000000000000428
Event: 4.554 Thread 0x000001ec456a5330 Uncommon trap: reason=unstable_if action=reinterpret pc=0x000001ec50962d08 method=org.springframework.beans.factory.support.AbstractBeanFactory.getBeanPostProcessorCache()Lorg/springframework/beans/factory/support/AbstractBeanFactory$BeanPostProcessorCach
Event: 4.554 Thread 0x000001ec456a5330 DEOPT PACKING pc=0x000001ec50962d08 sp=0x000000028d9fe940
Event: 4.554 Thread 0x000001ec456a5330 DEOPT UNPACKING pc=0x000001ec502ea1a3 sp=0x000000028d9fe800 mode 2
Event: 4.554 Thread 0x000001ec456a5330 Uncommon trap: trap_request=0xffffff45 fr.pc=0x000001ec50957ec0 relative=0x0000000000000220
Event: 4.554 Thread 0x000001ec456a5330 Uncommon trap: reason=unstable_if action=reinterpret pc=0x000001ec50957ec0 method=org.springframework.beans.factory.support.AbstractBeanFactory.hasInstantiationAwareBeanPostProcessors()Z @ 12 c2
Event: 4.554 Thread 0x000001ec456a5330 DEOPT PACKING pc=0x000001ec50957ec0 sp=0x000000028d9fe8b0
Event: 4.554 Thread 0x000001ec456a5330 DEOPT UNPACKING pc=0x000001ec502ea1a3 sp=0x000000028d9fe890 mode 2
Event: 4.569 Thread 0x000001ec456a5330 Uncommon trap: trap_request=0xffffff45 fr.pc=0x000001ec5096136c relative=0x000000000000068c
Event: 4.569 Thread 0x000001ec456a5330 Uncommon trap: reason=unstable_if action=reinterpret pc=0x000001ec5096136c method=org.springframework.beans.factory.support.AbstractBeanFactory.hasInstantiationAwareBeanPostProcessors()Z @ 12 c2
Event: 4.569 Thread 0x000001ec456a5330 DEOPT PACKING pc=0x000001ec5096136c sp=0x000000028d9fe7e0
Event: 4.569 Thread 0x000001ec456a5330 DEOPT UNPACKING pc=0x000001ec502ea1a3 sp=0x000000028d9fe6c8 mode 2

Classes unloaded (0 events):
No events

Classes redefined (0 events):
No events

Internal exceptions (20 events):
Event: 4.500 Thread 0x000001ec456a5330 Exception <a 'java/lang/NoSuchMethodError'{0x00000000c6754440}: 'java.lang.Object java.lang.invoke.Invokers$Holder.invoker(java.lang.Object, java.lang.Object, java.lang.Object, java.lang.Object, java.lang.Object, java.lang.Object, java.lang.Object, java.lang.Object, java.lang.Object, java.lang.Object, java.lang.Object, java.lang.Object, java.lang.Object, java.lang.Object)'> (0x00000000c6754440) 
thrown [s\src\hotspot\share\interpreter\linkResolver.cpp, line 759]
Event: 4.500 Thread 0x000001ec456a5330 Exception <a 'java/lang/NoSuchMethodError'{0x00000000c675a130}: 'java.lang.Object java.lang.invoke.DirectMethodHandle$Holder.invokeSpecial(java.lang.Object, java.lang.Object, java.lang.Object, java.lang.Object, java.lang.Object, java.lang.Object, java.lang.Object, java.lang.Object, java.lang.Object, java.lang.Object, java.lang.Object, java.lang.Object, java.lang.Object, java.lang.Object, java.lang.Object)'> (0x00000000c675a130) 
thrown [s\src\hotspot\share\interpreter\linkResolver.cpp, line 759]
Event: 4.503 Thread 0x000001ec456a5330 Exception <a 'java/lang/NoSuchMethodError'{0x00000000c676d4b8}: 'int java.lang.invoke.DirectMethodHandle$Holder.invokeVirtual(java.lang.Object, java.lang.Object, java.lang.Object)'> (0x00000000c676d4b8) 
thrown [s\src\hotspot\share\interpreter\linkResolver.cpp, line 759]
Event: 4.503 Thread 0x000001ec456a5330 Exception <a 'java/lang/NoSuchMethodError'{0x00000000c6770d70}: 'int java.lang.invoke.DirectMethodHandle$Holder.invokeVirtual(java.lang.Object, java.lang.Object)'> (0x00000000c6770d70) 
thrown [s\src\hotspot\share\interpreter\linkResolver.cpp, line 759]
Event: 4.504 Thread 0x000001ec456a5330 Exception <a 'java/lang/NoSuchMethodError'{0x00000000c6774f70}: 'int java.lang.invoke.DirectMethodHandle$Holder.invokeStaticInit(java.lang.Object, int, int)'> (0x00000000c6774f70) 
thrown [s\src\hotspot\share\interpreter\linkResolver.cpp, line 759]
Event: 4.504 Thread 0x000001ec456a5330 Exception <a 'java/lang/NoSuchMethodError'{0x00000000c677c858}: 'int java.lang.invoke.DirectMethodHandle$Holder.invokeStaticInit(java.lang.Object, long, long)'> (0x00000000c677c858) 
thrown [s\src\hotspot\share\interpreter\linkResolver.cpp, line 759]
Event: 4.504 Thread 0x000001ec456a5330 Exception <a 'java/lang/NoSuchMethodError'{0x00000000c67836a8}: 'int java.lang.invoke.DirectMethodHandle$Holder.invokeStaticInit(java.lang.Object, float, float)'> (0x00000000c67836a8) 
thrown [s\src\hotspot\share\interpreter\linkResolver.cpp, line 759]
Event: 4.505 Thread 0x000001ec456a5330 Exception <a 'java/lang/NoSuchMethodError'{0x00000000c678a500}: 'int java.lang.invoke.DirectMethodHandle$Holder.invokeStaticInit(java.lang.Object, double, double)'> (0x00000000c678a500) 
thrown [s\src\hotspot\share\interpreter\linkResolver.cpp, line 759]
Event: 4.505 Thread 0x000001ec456a5330 Exception <a 'java/lang/NoSuchMethodError'{0x00000000c678ead0}: 'int java.lang.invoke.DirectMethodHandle$Holder.invokeStatic(java.lang.Object, long)'> (0x00000000c678ead0) 
thrown [s\src\hotspot\share\interpreter\linkResolver.cpp, line 759]
Event: 4.507 Thread 0x000001ec456a5330 Exception <a 'java/lang/NoSuchMethodError'{0x00000000c67b3858}: 'int java.lang.invoke.DirectMethodHandle$Holder.invokeSpecial(java.lang.Object, java.lang.Object, int)'> (0x00000000c67b3858) 
thrown [s\src\hotspot\share\interpreter\linkResolver.cpp, line 759]
Event: 4.508 Thread 0x000001ec456a5330 Exception <a 'java/lang/NoSuchMethodError'{0x00000000c67bb460}: 'int java.lang.invoke.Invokers$Holder.linkToTargetMethod(java.lang.Object, java.lang.Object)'> (0x00000000c67bb460) 
thrown [s\src\hotspot\share\interpreter\linkResolver.cpp, line 759]
Event: 4.521 Thread 0x000001ec456a5330 Exception <a 'java/lang/NoSuchMethodError'{0x00000000c6651d28}: 'java.lang.Object java.lang.invoke.DirectMethodHandle$Holder.invokeSpecial(java.lang.Object, java.lang.Object, java.lang.Object, java.lang.Object, java.lang.Object, java.lang.Object, java.lang.Object, java.lang.Object, java.lang.Object, java.lang.Object)'> (0x00000000c6651d28) 
thrown [s\src\hotspot\share\interpreter\linkResolver.cpp, line 759]
Event: 4.522 Thread 0x000001ec456a5330 Exception <a 'java/lang/NoSuchMethodError'{0x00000000c6656310}: 'java.lang.Object java.lang.invoke.Invokers$Holder.invoke_MT(java.lang.Object, java.lang.Object, java.lang.Object, java.lang.Object, java.lang.Object, java.lang.Object, java.lang.Object, java.lang.Object, java.lang.Object, java.lang.Object)'> (0x00000000c6656310) 
thrown [s\src\hotspot\share\interpreter\linkResolver.cpp, line 759]
Event: 4.527 Thread 0x000001ec456a5330 Exception <a 'java/lang/NoSuchMethodError'{0x00000000c6692ed8}: 'java.lang.Object java.lang.invoke.DirectMethodHandle$Holder.invokeSpecial(java.lang.Object, java.lang.Object, int, java.lang.Object, java.lang.Object)'> (0x00000000c6692ed8) 
thrown [s\src\hotspot\share\interpreter\linkResolver.cpp, line 759]
Event: 4.528 Thread 0x000001ec456a5330 Exception <a 'java/lang/NoSuchMethodError'{0x00000000c6696b80}: 'java.lang.Object java.lang.invoke.DelegatingMethodHandle$Holder.delegate(java.lang.Object, int, java.lang.Object, java.lang.Object)'> (0x00000000c6696b80) 
thrown [s\src\hotspot\share\interpreter\linkResolver.cpp, line 759]
Event: 4.529 Thread 0x000001ec456a5330 Exception <a 'java/lang/NoSuchMethodError'{0x00000000c66a7c50}: 'int java.lang.invoke.Invokers$Holder.linkToTargetMethod(java.lang.Object, java.lang.Object, java.lang.Object)'> (0x00000000c66a7c50) 
thrown [s\src\hotspot\share\interpreter\linkResolver.cpp, line 759]
Event: 4.568 Thread 0x000001ec456a5330 Exception <a 'java/lang/NoClassDefFoundError'{0x00000000c65e8118}: org/flywaydb/core/Flyway> (0x00000000c65e8118) 
thrown [s\src\hotspot\share\classfile\systemDictionary.cpp, line 245]
Event: 4.568 Thread 0x000001ec456a5330 Exception <a 'java/lang/NoClassDefFoundError'{0x00000000c65e98b0}: liquibase/integration/spring/SpringLiquibase> (0x00000000c65e98b0) 
thrown [s\src\hotspot\share\classfile\systemDictionary.cpp, line 245]
Event: 4.601 Thread 0x000001ec456a5330 Exception <a 'java/lang/NoClassDefFoundError'{0x00000000c63eea48}: org/jooq/DSLContext> (0x00000000c63eea48) 
thrown [s\src\hotspot\share\classfile\systemDictionary.cpp, line 245]
Event: 4.604 Thread 0x000001ec456a5330 Exception <a 'java/lang/NoClassDefFoundError'{0x00000000c63fe8b0}: org/springframework/batch/core/repository/JobRepository> (0x00000000c63fe8b0) 
thrown [s\src\hotspot\share\classfile\systemDictionary.cpp, line 245]

VM Operations (20 events):
Event: 3.844 Executing VM operation: G1CollectForAllocation done
Event: 4.034 Executing VM operation: G1CollectForAllocation
Event: 4.037 Executing VM operation: G1CollectForAllocation done
Event: 4.209 Executing VM operation: HandshakeAllThreads
Event: 4.209 Executing VM operation: HandshakeAllThreads done
Event: 4.210 Executing VM operation: HandshakeAllThreads
Event: 4.210 Executing VM operation: HandshakeAllThreads done
Event: 4.216 Executing VM operation: HandshakeAllThreads
Event: 4.216 Executing VM operation: HandshakeAllThreads done
Event: 4.216 Executing VM operation: HandshakeAllThreads
Event: 4.216 Executing VM operation: HandshakeAllThreads done
Event: 4.302 Executing VM operation: HandshakeAllThreads
Event: 4.302 Executing VM operation: HandshakeAllThreads done
Event: 4.309 Executing VM operation: G1CollectForAllocation
Event: 4.312 Executing VM operation: G1CollectForAllocation done
Event: 4.494 Executing VM operation: HandshakeAllThreads
Event: 4.494 Executing VM operation: HandshakeAllThreads done
Event: 4.512 Executing VM operation: HandshakeAllThreads
Event: 4.512 Executing VM operation: HandshakeAllThreads done
Event: 4.604 Executing VM operation: G1CollectForAllocation

Events (20 events):
Event: 4.509 loading class java/util/concurrent/RunnableFuture done
Event: 4.509 loading class java/util/concurrent/FutureTask done
Event: 4.509 loading class java/util/concurrent/FutureTask$WaitNode
Event: 4.509 loading class java/util/concurrent/FutureTask$WaitNode done
Event: 4.526 loading class java/util/AbstractList$RandomAccessSubList
Event: 4.526 loading class java/util/AbstractList$SubList
Event: 4.526 loading class java/util/AbstractList$SubList done
Event: 4.527 loading class java/util/AbstractList$RandomAccessSubList done
Event: 4.527 loading class java/util/AbstractList$SubList$1
Event: 4.527 loading class java/util/AbstractList$SubList$1 done
Event: 4.528 loading class java/lang/invoke/MethodHandleImpl$CountingWrapper
Event: 4.528 loading class java/lang/invoke/MethodHandleImpl$CountingWrapper done
Event: 4.544 loading class java/util/DualPivotQuicksort
Event: 4.544 loading class java/util/DualPivotQuicksort done
Event: 4.545 loading class java/util/LinkedList$ListItr
Event: 4.545 loading class java/util/LinkedList$ListItr done
Event: 4.549 loading class jdk/internal/reflect/UnsafeFieldAccessorFactory
Event: 4.549 loading class jdk/internal/reflect/UnsafeFieldAccessorFactory done
Event: 4.549 loading class jdk/internal/reflect/UnsafeStaticObjectFieldAccessorImpl
Event: 4.550 loading class jdk/internal/reflect/UnsafeStaticObjectFieldAccessorImpl done


Dynamic libraries:
0x00007ff656860000 - 0x00007ff65686e000 	C:\Users\chinc\Downloads\sts-4.22.0.RELEASE\plugins\org.eclipse.justj.openjdk.hotspot.jre.full.win32.x86_64_17.0.10.v20240120-1143\jre\bin\javaw.exe
0x00007ffb0d270000 - 0x00007ffb0d487000 	C:\WINDOWS\SYSTEM32\ntdll.dll
0x00007ffb0cf60000 - 0x00007ffb0d024000 	C:\WINDOWS\System32\KERNEL32.DLL
0x00007ffb0a5c0000 - 0x00007ffb0a96d000 	C:\WINDOWS\System32\KERNELBASE.dll
0x00007ffb0ace0000 - 0x00007ffb0adf1000 	C:\WINDOWS\System32\ucrtbase.dll
0x00007ffaed920000 - 0x00007ffaed93b000 	C:\Users\chinc\Downloads\sts-4.22.0.RELEASE\plugins\org.eclipse.justj.openjdk.hotspot.jre.full.win32.x86_64_17.0.10.v20240120-1143\jre\bin\VCRUNTIME140.dll
0x00007ffaee930000 - 0x00007ffaee947000 	C:\Users\chinc\Downloads\sts-4.22.0.RELEASE\plugins\org.eclipse.justj.openjdk.hotspot.jre.full.win32.x86_64_17.0.10.v20240120-1143\jre\bin\jli.dll
0x00007ffb0b7b0000 - 0x00007ffb0b95e000 	C:\WINDOWS\System32\USER32.dll
0x00007ffb0a590000 - 0x00007ffb0a5b6000 	C:\WINDOWS\System32\win32u.dll
0x00007ffb0b960000 - 0x00007ffb0b989000 	C:\WINDOWS\System32\GDI32.dll
0x00007ffb0ab50000 - 0x00007ffb0ac69000 	C:\WINDOWS\System32\gdi32full.dll
0x00007ffb0a9f0000 - 0x00007ffb0aa8a000 	C:\WINDOWS\System32\msvcp_win.dll
0x00007ffaf3ca0000 - 0x00007ffaf3f33000 	C:\WINDOWS\WinSxS\amd64_microsoft.windows.common-controls_6595b64144ccf1df_6.0.22621.3672_none_2713b9d173822955\COMCTL32.dll
0x00007ffb0b400000 - 0x00007ffb0b4a7000 	C:\WINDOWS\System32\msvcrt.dll
0x00007ffb0b150000 - 0x00007ffb0b181000 	C:\WINDOWS\System32\IMM32.DLL
0x00007ffb05840000 - 0x00007ffb0584c000 	C:\Users\chinc\Downloads\sts-4.22.0.RELEASE\plugins\org.eclipse.justj.openjdk.hotspot.jre.full.win32.x86_64_17.0.10.v20240120-1143\jre\bin\vcruntime140_1.dll
0x00007ffad5a50000 - 0x00007ffad5add000 	C:\Users\chinc\Downloads\sts-4.22.0.RELEASE\plugins\org.eclipse.justj.openjdk.hotspot.jre.full.win32.x86_64_17.0.10.v20240120-1143\jre\bin\msvcp140.dll
0x00007ffa8a260000 - 0x00007ffa8aec2000 	C:\Users\chinc\Downloads\sts-4.22.0.RELEASE\plugins\org.eclipse.justj.openjdk.hotspot.jre.full.win32.x86_64_17.0.10.v20240120-1143\jre\bin\server\jvm.dll
0x00007ffb0b990000 - 0x00007ffb0ba42000 	C:\WINDOWS\System32\ADVAPI32.dll
0x00007ffb0b690000 - 0x00007ffb0b739000 	C:\WINDOWS\System32\sechost.dll
0x00007ffb0ae00000 - 0x00007ffb0ae28000 	C:\WINDOWS\System32\bcrypt.dll
0x00007ffb0b030000 - 0x00007ffb0b144000 	C:\WINDOWS\System32\RPCRT4.dll
0x00007ffb02cf0000 - 0x00007ffb02d24000 	C:\WINDOWS\SYSTEM32\WINMM.dll
0x00007ffb0a450000 - 0x00007ffb0a49d000 	C:\WINDOWS\SYSTEM32\POWRPROF.dll
0x00007ffac9680000 - 0x00007ffac9689000 	C:\WINDOWS\SYSTEM32\WSOCK32.dll
0x00007ffb0afb0000 - 0x00007ffb0b021000 	C:\WINDOWS\System32\WS2_32.dll
0x00007ffb00a70000 - 0x00007ffb00a7a000 	C:\WINDOWS\SYSTEM32\VERSION.dll
0x00007ffb0a380000 - 0x00007ffb0a393000 	C:\WINDOWS\SYSTEM32\UMPDC.dll
0x00007ffb09590000 - 0x00007ffb095a8000 	C:\WINDOWS\SYSTEM32\kernel.appcore.dll
0x00007ffb03e30000 - 0x00007ffb03e3a000 	C:\Users\chinc\Downloads\sts-4.22.0.RELEASE\plugins\org.eclipse.justj.openjdk.hotspot.jre.full.win32.x86_64_17.0.10.v20240120-1143\jre\bin\jimage.dll
0x00007ffb07ef0000 - 0x00007ffb08122000 	C:\WINDOWS\SYSTEM32\DBGHELP.DLL
0x00007ffb0c9c0000 - 0x00007ffb0cd4d000 	C:\WINDOWS\System32\combase.dll
0x00007ffb0b5b0000 - 0x00007ffb0b687000 	C:\WINDOWS\System32\OLEAUT32.dll
0x00007ffaf4060000 - 0x00007ffaf4092000 	C:\WINDOWS\SYSTEM32\dbgcore.DLL
0x00007ffb0a970000 - 0x00007ffb0a9eb000 	C:\WINDOWS\System32\bcryptPrimitives.dll
0x00007ffae8dd0000 - 0x00007ffae8df5000 	C:\Users\chinc\Downloads\sts-4.22.0.RELEASE\plugins\org.eclipse.justj.openjdk.hotspot.jre.full.win32.x86_64_17.0.10.v20240120-1143\jre\bin\java.dll
0x00007ffaef1a0000 - 0x00007ffaef1b8000 	C:\Users\chinc\Downloads\sts-4.22.0.RELEASE\plugins\org.eclipse.justj.openjdk.hotspot.jre.full.win32.x86_64_17.0.10.v20240120-1143\jre\bin\zip.dll
0x00007ffb0bb50000 - 0x00007ffb0c3b7000 	C:\WINDOWS\System32\SHELL32.dll
0x00007ffb08330000 - 0x00007ffb08c2e000 	C:\WINDOWS\SYSTEM32\windows.storage.dll
0x00007ffb08c50000 - 0x00007ffb08d8f000 	C:\WINDOWS\SYSTEM32\wintypes.dll
0x00007ffb0c8c0000 - 0x00007ffb0c9b9000 	C:\WINDOWS\System32\SHCORE.dll
0x00007ffb0b540000 - 0x00007ffb0b59e000 	C:\WINDOWS\System32\shlwapi.dll
0x00007ffb0a4c0000 - 0x00007ffb0a4e1000 	C:\WINDOWS\SYSTEM32\profapi.dll
0x00007ffaeeb20000 - 0x00007ffaeeb39000 	C:\Users\chinc\Downloads\sts-4.22.0.RELEASE\plugins\org.eclipse.justj.openjdk.hotspot.jre.full.win32.x86_64_17.0.10.v20240120-1143\jre\bin\net.dll
0x00007ffb039a0000 - 0x00007ffb03ad6000 	C:\WINDOWS\SYSTEM32\WINHTTP.dll
0x00007ffb099f0000 - 0x00007ffb09a59000 	C:\WINDOWS\system32\mswsock.dll
0x00007ffaee9d0000 - 0x00007ffaee9e6000 	C:\Users\chinc\Downloads\sts-4.22.0.RELEASE\plugins\org.eclipse.justj.openjdk.hotspot.jre.full.win32.x86_64_17.0.10.v20240120-1143\jre\bin\nio.dll
0x00007ffb02d50000 - 0x00007ffb02d5e000 	C:\Users\chinc\Downloads\sts-4.22.0.RELEASE\plugins\org.eclipse.justj.openjdk.hotspot.jre.full.win32.x86_64_17.0.10.v20240120-1143\jre\bin\sunmscapi.dll
0x00007ffb0ae30000 - 0x00007ffb0af97000 	C:\WINDOWS\System32\CRYPT32.dll
0x00007ffb09e50000 - 0x00007ffb09e7e000 	C:\WINDOWS\SYSTEM32\ncrypt.dll
0x00007ffb09e10000 - 0x00007ffb09e47000 	C:\WINDOWS\SYSTEM32\NTASN1.dll

dbghelp: loaded successfully - version: 4.0.5 - missing functions: none
symbol engine: initialized successfully - sym options: 0x614 - pdb path: .;C:\Users\chinc\Downloads\sts-4.22.0.RELEASE\plugins\org.eclipse.justj.openjdk.hotspot.jre.full.win32.x86_64_17.0.10.v20240120-1143\jre\bin;C:\WINDOWS\SYSTEM32;C:\WINDOWS\WinSxS\amd64_microsoft.windows.common-controls_6595b64144ccf1df_6.0.22621.3672_none_2713b9d173822955;C:\Users\chinc\Downloads\sts-4.22.0.RELEASE\plugins\org.eclipse.justj.openjdk.hotspot.jre.full.win32.x86_64_17.0.10.v20240120-1143\jre\bin\server

VM Arguments:
jvm_args: -Dfile.encoding=UTF-8 -Dstdout.encoding=UTF-8 -Dstderr.encoding=UTF-8 -XX:+ShowCodeDetailsInExceptionMessages 
java_command: com.amazon.AmazonClone.AmazonCloneApplication
java_class_path (initial): C:\Users\chinc\Documents\workspace-spring-tool-suite-4-4.22.0.RELEASE\AmazonClone\target\classes;C:\Users\chinc\.m2\repository\org\springframework\boot\spring-boot-starter-data-jpa\3.3.1\spring-boot-starter-data-jpa-3.3.1.jar;C:\Users\chinc\.m2\repository\org\springframework\boot\spring-boot-starter-aop\3.3.1\spring-boot-starter-aop-3.3.1.jar;C:\Users\chinc\.m2\repository\org\springframework\spring-aop\6.1.10\spring-aop-6.1.10.jar;C:\Users\chinc\.m2\repository\org\aspectj\aspectjweaver\1.9.22\aspectjweaver-1.9.22.jar;C:\Users\chinc\.m2\repository\org\springframework\boot\spring-boot-starter-jdbc\3.3.1\spring-boot-starter-jdbc-3.3.1.jar;C:\Users\chinc\.m2\repository\com\zaxxer\HikariCP\5.1.0\HikariCP-5.1.0.jar;C:\Users\chinc\.m2\repository\org\springframework\spring-jdbc\6.1.10\spring-jdbc-6.1.10.jar;C:\Users\chinc\.m2\repository\org\hibernate\orm\hibernate-core\6.5.2.Final\hibernate-core-6.5.2.Final.jar;C:\Users\chinc\.m2\repository\jakarta\persistence\jakarta.persistence-api\3.1.0\jakarta.persistence-api-3.1.0.jar;C:\Users\chinc\.m2\repository\jakarta\transaction\jakarta.transaction-api\2.0.1\jakarta.transaction-api-2.0.1.jar;C:\Users\chinc\.m2\repository\org\jboss\logging\jboss-logging\3.5.3.Final\jboss-logging-3.5.3.Final.jar;C:\Users\chinc\.m2\repository\org\hibernate\common\hibernate-commons-annotations\6.0.6.Final\hibernate-commons-annotations-6.0.6.Final.jar;C:\Users\chinc\.m2\repository\io\smallrye\jandex\3.1.2\jandex-3.1.2.jar;C:\Users\chinc\.m2\repository\com\fasterxml\classmate\1.7.0\classmate-1.7.0.jar;C:\Users\chinc\.m2\repository\net\bytebuddy\byte-buddy\1.14.17\byte-buddy-1.14.17.jar;C:\Users\chinc\.m2\repository\org\glassfish\jaxb\jaxb-runtime\4.0.5\jaxb-runtime-4.0.5.jar;C:\Users\chinc\.m2\repository\org\glassfish\jaxb\jaxb-core\4.0.5\jaxb-core-4.0.5.jar;C:\Users\chinc\.m2\repository\org\eclipse\angus\angus-activation\2.0.2\angus-activation-2.0.2.jar;C:\Users\chinc\.m2\repository\org\glassfish\jaxb\txw2\4.0.5\txw2-4.0.5.
Launcher Type: SUN_STANDARD

[Global flags]
     intx CICompilerCount                          = 3                                         {product} {ergonomic}
     uint ConcGCThreads                            = 1                                         {product} {ergonomic}
     uint G1ConcRefinementThreads                  = 4                                         {product} {ergonomic}
   size_t G1HeapRegionSize                         = 1048576                                   {product} {ergonomic}
    uintx GCDrainStackTargetSize                   = 64                                        {product} {ergonomic}
   size_t InitialHeapSize                          = 62914560                                  {product} {ergonomic}
   size_t MarkStackSize                            = 4194304                                   {product} {ergonomic}
   size_t MaxHeapSize                              = 994050048                                 {product} {ergonomic}
   size_t MaxNewSize                               = 595591168                                 {product} {ergonomic}
   size_t MinHeapDeltaBytes                        = 1048576                                   {product} {ergonomic}
   size_t MinHeapSize                              = 8388608                                   {product} {ergonomic}
    uintx NonNMethodCodeHeapSize                   = 5832780                                {pd product} {ergonomic}
    uintx NonProfiledCodeHeapSize                  = 122912730                              {pd product} {ergonomic}
    uintx ProfiledCodeHeapSize                     = 122912730                              {pd product} {ergonomic}
    uintx ReservedCodeCacheSize                    = 251658240                              {pd product} {ergonomic}
     bool SegmentedCodeCache                       = true                                      {product} {ergonomic}
     bool ShowCodeDetailsInExceptionMessages       = true                                   {manageable} {command line}
   size_t SoftMaxHeapSize                          = 994050048                              {manageable} {ergonomic}
     bool UseCompressedClassPointers               = true                           {product lp64_product} {ergonomic}
     bool UseCompressedOops                        = true                           {product lp64_product} {ergonomic}
     bool UseG1GC                                  = true                                      {product} {ergonomic}
     bool UseLargePagesIndividualAllocation        = false                                  {pd product} {ergonomic}

Logging:
Log output configuration:
 #0: stdout all=warning uptime,level,tags
 #1: stderr all=off uptime,level,tags

Environment Variables:
JAVA_HOME=C:\Program Files\Java\jdk-21
PATH=C:/Users/chinc/Downloads/sts-4.22.0.RELEASE//plugins/org.eclipse.justj.openjdk.hotspot.jre.full.win32.x86_64_17.0.10.v20240120-1143/jre/bin/server;C:/Users/chinc/Downloads/sts-4.22.0.RELEASE//plugins/org.eclipse.justj.openjdk.hotspot.jre.full.win32.x86_64_17.0.10.v20240120-1143/jre/bin;C:\Users\chinc\Downloads\apache-maven-3.9.7-bin\apache-maven-3.9.7\bin;C:\Program Files\Git\cmd;C:\Program Files\Git\bin;C:\Program Files\heroku;C:\Program Files\heroku\bin\heroku.cmd;C:\Program Files\Heroku;C:\Users\chinc\AppData\Roaming\Python\Python312\Scripts;C:\Users\chinc\AppData\Local\Programs\Python\Python312\;C:\Users\chinc\AppData\Local\Programs\Python\Python312\Scripts\;C:\ProgramData\Microsoft\Windows\Start Menu\Programs\Node.js\;C:\Program Files\nodejs;C:\Program Files\nodejs\;C:\Program Files\Amazon\AWSCLIV2\;C:\Users\chinc\AppData\Local\Programs\Python\Python312\Scripts\;C:\Users\chinc\AppData\Local\Programs\Python\Python312\;C:\Program Files\Java\jdk-21\bin;C:\Program Files\heroku\bin;C:\Program Files\Heroku;C:\Program Files\heroku;C:\Users\chinc\AppData\Roaming\Python\Python312\Scripts;C:\Users\chinc\AppData\Local\Programs\Python\Python312\python.exe;C:\ProgramData\Microsoft\Windows\Start Menu\Programs\Node.js\;C:\Program Files\nodejs;C:\Users\chinc\AppData\Local\Programs\Microsoft VS Code\bin;C:\Users\chinc\AppData\Roaming\npm;C:\Users\chinc\Downloads\sts-4.22.0.RELEASE;
USERNAME=chinc
OS=Windows_NT
PROCESSOR_IDENTIFIER=Intel64 Family 6 Model 140 Stepping 1, GenuineIntel
TMP=C:\WINDOWS\TEMP
TEMP=C:\Users\chinc\AppData\Local\Temp



Periodic native trim disabled


---------------  S Y S T E M  ---------------

OS:
 Windows 11 , 64 bit Build 22621 (10.0.22621.3958)
OS uptime: 0 days 1:20 hours
Hyper-V role detected

CPU: total 4 (initial active 4) (2 cores per cpu, 2 threads per core) family 6 model 140 stepping 1 microcode 0xa6, cx8, cmov, fxsr, ht, mmx, 3dnowpref, sse, sse2, sse3, ssse3, sse4.1, sse4.2, popcnt, lzcnt, tsc, tscinvbit, avx, avx2, aes, erms, clmul, bmi1, bmi2, adx, avx512f, avx512dq, avx512cd, avx512bw, avx512vl, sha, fma, vzeroupper, avx512_vpopcntdq, avx512_vpclmulqdq, avx512_vaes, avx512_vnni, clflush, clflushopt, clwb, avx512_vbmi2, avx512_vbmi, hv
Processor Information for processor 0
  Max Mhz: 2995, Current Mhz: 2995, Mhz Limit: 2995
Processor Information for processor 1
  Max Mhz: 2995, Current Mhz: 1198, Mhz Limit: 2995
Processor Information for processor 2
  Max Mhz: 2995, Current Mhz: 2995, Mhz Limit: 2995
Processor Information for processor 3
  Max Mhz: 2995, Current Mhz: 2995, Mhz Limit: 2995

Memory: 4k page, system-wide physical 3790M (195M free)
TotalPageFile size 15566M (AvailPageFile size 25M)
current process WorkingSet (physical memory assigned to process): 132M, peak: 134M
current process commit charge ("private bytes"): 162M, peak: 178M

vm_info: OpenJDK 64-Bit Server VM (17.0.10+7) for windows-amd64 JRE (17.0.10+7), built on Jan 16 2024 23:25:11 by "admin" with MS VC++ 16.10 / 16.11 (VS2019)

END.
